Compiling the C compiler identification source file "CMakeCCompilerId.c" failed.
Compiler: /opt/homebrew/bin/arm-none-eabi-gcc 
Build flags: 
Id flags:  

The output was:
1
/Applications/ArmGNUToolchain/11.3.rel1/arm-none-eabi/bin/../lib/gcc/arm-none-eabi/11.3.1/../../../../arm-none-eabi/bin/ld: /Applications/ArmGNUToolchain/11.3.rel1/arm-none-eabi/bin/../lib/gcc/arm-none-eabi/11.3.1/../../../../arm-none-eabi/lib/libc.a(libc_a-exit.o): in function `exit':
/Volumes/data/jenkins/workspace/GNU-toolchain/arm-11/src/newlib-cygwin/newlib/libc/stdlib/exit.c:65: undefined reference to `_exit'
/Applications/ArmGNUToolchain/11.3.rel1/arm-none-eabi/bin/../lib/gcc/arm-none-eabi/11.3.1/../../../../arm-none-eabi/bin/ld: /Applications/ArmGNUToolchain/11.3.rel1/arm-none-eabi/bin/../lib/gcc/arm-none-eabi/11.3.1/../../../../arm-none-eabi/lib/libc.a(libc_a-closer.o): in function `_close_r':
/Volumes/data/jenkins/workspace/GNU-toolchain/arm-11/src/newlib-cygwin/newlib/libc/reent/closer.c:47: undefined reference to `_close'
/Applications/ArmGNUToolchain/11.3.rel1/arm-none-eabi/bin/../lib/gcc/arm-none-eabi/11.3.1/../../../../arm-none-eabi/bin/ld: /Applications/ArmGNUToolchain/11.3.rel1/arm-none-eabi/bin/../lib/gcc/arm-none-eabi/11.3.1/../../../../arm-none-eabi/lib/libc.a(libc_a-lseekr.o): in function `_lseek_r':
/Volumes/data/jenkins/workspace/GNU-toolchain/arm-11/src/newlib-cygwin/newlib/libc/reent/lseekr.c:49: undefined reference to `_lseek'
/Applications/ArmGNUToolchain/11.3.rel1/arm-none-eabi/bin/../lib/gcc/arm-none-eabi/11.3.1/../../../../arm-none-eabi/bin/ld: /Applications/ArmGNUToolchain/11.3.rel1/arm-none-eabi/bin/../lib/gcc/arm-none-eabi/11.3.1/../../../../arm-none-eabi/lib/libc.a(libc_a-readr.o): in function `_read_r':
/Volumes/data/jenkins/workspace/GNU-toolchain/arm-11/src/newlib-cygwin/newlib/libc/reent/readr.c:49: undefined reference to `_read'
/Applications/ArmGNUToolchain/11.3.rel1/arm-none-eabi/bin/../lib/gcc/arm-none-eabi/11.3.1/../../../../arm-none-eabi/bin/ld: /Applications/ArmGNUToolchain/11.3.rel1/arm-none-eabi/bin/../lib/gcc/arm-none-eabi/11.3.1/../../../../arm-none-eabi/lib/libc.a(libc_a-sbrkr.o): in function `_sbrk_r':
/Volumes/data/jenkins/workspace/GNU-toolchain/arm-11/src/newlib-cygwin/newlib/libc/reent/sbrkr.c:51: undefined reference to `_sbrk'
/Applications/ArmGNUToolchain/11.3.rel1/arm-none-eabi/bin/../lib/gcc/arm-none-eabi/11.3.1/../../../../arm-none-eabi/bin/ld: /Applications/ArmGNUToolchain/11.3.rel1/arm-none-eabi/bin/../lib/gcc/arm-none-eabi/11.3.1/../../../../arm-none-eabi/lib/libc.a(libc_a-writer.o): in function `_write_r':
/Volumes/data/jenkins/workspace/GNU-toolchain/arm-11/src/newlib-cygwin/newlib/libc/reent/writer.c:49: undefined reference to `_write'
collect2: error: ld returned 1 exit status


Compiling the CXX compiler identification source file "CMakeCXXCompilerId.cpp" failed.
Compiler: /opt/homebrew/bin/arm-none-eabi-g++ 
Build flags: 
Id flags:  

The output was:
1
/Applications/ArmGNUToolchain/11.3.rel1/arm-none-eabi/bin/../lib/gcc/arm-none-eabi/11.3.1/../../../../arm-none-eabi/bin/ld: /Applications/ArmGNUToolchain/11.3.rel1/arm-none-eabi/bin/../lib/gcc/arm-none-eabi/11.3.1/../../../../arm-none-eabi/lib/libc.a(libc_a-exit.o): in function `exit':
/Volumes/data/jenkins/workspace/GNU-toolchain/arm-11/src/newlib-cygwin/newlib/libc/stdlib/exit.c:65: undefined reference to `_exit'
/Applications/ArmGNUToolchain/11.3.rel1/arm-none-eabi/bin/../lib/gcc/arm-none-eabi/11.3.1/../../../../arm-none-eabi/bin/ld: /Applications/ArmGNUToolchain/11.3.rel1/arm-none-eabi/bin/../lib/gcc/arm-none-eabi/11.3.1/../../../../arm-none-eabi/lib/libc.a(libc_a-closer.o): in function `_close_r':
/Volumes/data/jenkins/workspace/GNU-toolchain/arm-11/src/newlib-cygwin/newlib/libc/reent/closer.c:47: undefined reference to `_close'
/Applications/ArmGNUToolchain/11.3.rel1/arm-none-eabi/bin/../lib/gcc/arm-none-eabi/11.3.1/../../../../arm-none-eabi/bin/ld: /Applications/ArmGNUToolchain/11.3.rel1/arm-none-eabi/bin/../lib/gcc/arm-none-eabi/11.3.1/../../../../arm-none-eabi/lib/libc.a(libc_a-lseekr.o): in function `_lseek_r':
/Volumes/data/jenkins/workspace/GNU-toolchain/arm-11/src/newlib-cygwin/newlib/libc/reent/lseekr.c:49: undefined reference to `_lseek'
/Applications/ArmGNUToolchain/11.3.rel1/arm-none-eabi/bin/../lib/gcc/arm-none-eabi/11.3.1/../../../../arm-none-eabi/bin/ld: /Applications/ArmGNUToolchain/11.3.rel1/arm-none-eabi/bin/../lib/gcc/arm-none-eabi/11.3.1/../../../../arm-none-eabi/lib/libc.a(libc_a-readr.o): in function `_read_r':
/Volumes/data/jenkins/workspace/GNU-toolchain/arm-11/src/newlib-cygwin/newlib/libc/reent/readr.c:49: undefined reference to `_read'
/Applications/ArmGNUToolchain/11.3.rel1/arm-none-eabi/bin/../lib/gcc/arm-none-eabi/11.3.1/../../../../arm-none-eabi/bin/ld: /Applications/ArmGNUToolchain/11.3.rel1/arm-none-eabi/bin/../lib/gcc/arm-none-eabi/11.3.1/../../../../arm-none-eabi/lib/libc.a(libc_a-sbrkr.o): in function `_sbrk_r':
/Volumes/data/jenkins/workspace/GNU-toolchain/arm-11/src/newlib-cygwin/newlib/libc/reent/sbrkr.c:51: undefined reference to `_sbrk'
/Applications/ArmGNUToolchain/11.3.rel1/arm-none-eabi/bin/../lib/gcc/arm-none-eabi/11.3.1/../../../../arm-none-eabi/bin/ld: /Applications/ArmGNUToolchain/11.3.rel1/arm-none-eabi/bin/../lib/gcc/arm-none-eabi/11.3.1/../../../../arm-none-eabi/lib/libc.a(libc_a-writer.o): in function `_write_r':
/Volumes/data/jenkins/workspace/GNU-toolchain/arm-11/src/newlib-cygwin/newlib/libc/reent/writer.c:49: undefined reference to `_write'
collect2: error: ld returned 1 exit status


