The target system is: Generic - 1 - 
The host system is: Darwin - 22.1.0 - arm64
Compiling the C compiler identification source file "CMakeCCompilerId.c" succeeded.
Compiler: /opt/homebrew/bin/arm-none-eabi-gcc 
Build flags: 
Id flags: -c 

The output was:
0


Compilation of the C compiler identification source "CMakeCCompilerId.c" produced "CMakeCCompilerId.o"

The C compiler identification is GNU, found in "/Users/ursincantieni/GitHub/ursincantieni/TFLiteMouseL475/build/CMakeFiles/3.25.0/CompilerIdC/CMakeCCompilerId.o"

Compiling the CXX compiler identification source file "CMakeCXXCompilerId.cpp" succeeded.
Compiler: /opt/homebrew/bin/arm-none-eabi-g++ 
Build flags: 
Id flags: -c 

The output was:
0


Compilation of the CXX compiler identification source "CMakeCXXCompilerId.cpp" produced "CMakeCXXCompilerId.o"

The CXX compiler identification is GNU, found in "/Users/ursincantieni/GitHub/ursincantieni/TFLiteMouseL475/build/CMakeFiles/3.25.0/CompilerIdCXX/CMakeCXXCompilerId.o"

Checking whether the ASM compiler is GNU using "--version" matched "(GNU assembler)|(GCC)|(Free Software Foundation)":
arm-none-eabi-gcc (Arm GNU Toolchain 11.3.Rel1) 11.3.1 20220712
Copyright (C) 2021 Free Software Foundation, Inc.
This is free software; see the source for copying conditions.  There is NO
warranty; not even for MERCHANTABILITY or FITNESS FOR A PARTICULAR PURPOSE.

Detecting C compiler ABI info compiled with the following output:
Change Dir: /Users/ursincantieni/GitHub/ursincantieni/TFLiteMouseL475/build/CMakeFiles/CMakeScratch/TryCompile-Ggxfzk

Run Build Command(s):/opt/homebrew/bin/gmake -f Makefile cmTC_c3de1/fast && /opt/homebrew/bin/gmake  -f CMakeFiles/cmTC_c3de1.dir/build.make CMakeFiles/cmTC_c3de1.dir/build
gmake[1]: Entering directory '/Users/ursincantieni/GitHub/ursincantieni/TFLiteMouseL475/build/CMakeFiles/CMakeScratch/TryCompile-Ggxfzk'
Building C object CMakeFiles/cmTC_c3de1.dir/CMakeCCompilerABI.c.obj
/opt/homebrew/bin/arm-none-eabi-gcc   -v -o CMakeFiles/cmTC_c3de1.dir/CMakeCCompilerABI.c.obj -c /opt/homebrew/Cellar/cmake/3.25.0/share/cmake/Modules/CMakeCCompilerABI.c
Using built-in specs.
COLLECT_GCC=/opt/homebrew/bin/arm-none-eabi-gcc
Target: arm-none-eabi
Configured with: /Volumes/data/jenkins/workspace/GNU-toolchain/arm-11/src/gcc/configure --target=arm-none-eabi --prefix=/Volumes/data/jenkins/workspace/GNU-toolchain/arm-11/build-arm-none-eabi/install --with-gmp=/Volumes/data/jenkins/workspace/GNU-toolchain/arm-11/build-arm-none-eabi/host-tools --with-mpfr=/Volumes/data/jenkins/workspace/GNU-toolchain/arm-11/build-arm-none-eabi/host-tools --with-mpc=/Volumes/data/jenkins/workspace/GNU-toolchain/arm-11/build-arm-none-eabi/host-tools --with-isl=/Volumes/data/jenkins/workspace/GNU-toolchain/arm-11/build-arm-none-eabi/host-tools --disable-shared --disable-nls --disable-threads --disable-tls --enable-checking=release --enable-languages=c,c++,fortran --with-newlib --with-gnu-as --with-gnu-ld --with-sysroot=/Volumes/data/jenkins/workspace/GNU-toolchain/arm-11/build-arm-none-eabi/install/arm-none-eabi --with-multilib-list=aprofile,rmprofile --with-pkgversion='Arm GNU Toolchain 11.3.Rel1' --with-bugurl=https://bugs.linaro.org/
Thread model: single
Supported LTO compression algorithms: zlib
gcc version 11.3.1 20220712 (Arm GNU Toolchain 11.3.Rel1) 
COLLECT_GCC_OPTIONS='-v' '-o' 'CMakeFiles/cmTC_c3de1.dir/CMakeCCompilerABI.c.obj' '-c' '-mcpu=arm7tdmi' '-mfloat-abi=soft' '-marm' '-mlibarch=armv4t' '-march=armv4t' '-dumpdir' 'CMakeFiles/cmTC_c3de1.dir/'
 /Applications/ArmGNUToolchain/11.3.rel1/arm-none-eabi/bin/../libexec/gcc/arm-none-eabi/11.3.1/cc1 -quiet -v -iprefix /Applications/ArmGNUToolchain/11.3.rel1/arm-none-eabi/bin/../lib/gcc/arm-none-eabi/11.3.1/ -isysroot /Applications/ArmGNUToolchain/11.3.rel1/arm-none-eabi/bin/../arm-none-eabi -D__USES_INITFINI__ /opt/homebrew/Cellar/cmake/3.25.0/share/cmake/Modules/CMakeCCompilerABI.c -quiet -dumpdir CMakeFiles/cmTC_c3de1.dir/ -dumpbase CMakeCCompilerABI.c.c -dumpbase-ext .c -mcpu=arm7tdmi -mfloat-abi=soft -marm -mlibarch=armv4t -march=armv4t -version -o /var/folders/gj/6njgb8g5483122ych_08wylh0000gn/T//ccfW8iRN.s
GNU C17 (Arm GNU Toolchain 11.3.Rel1) version 11.3.1 20220712 (arm-none-eabi)
	compiled by GNU C version Apple LLVM 12.0.0 (clang-1200.0.32.29), GMP version 6.2.1, MPFR version 3.1.6, MPC version 1.0.3, isl version isl-0.15-1-g835ea3a-GMP

GGC heuristics: --param ggc-min-expand=100 --param ggc-min-heapsize=131072
ignoring duplicate directory "/Applications/ArmGNUToolchain/11.3.rel1/arm-none-eabi/bin/../lib/gcc/../../lib/gcc/arm-none-eabi/11.3.1/include"
ignoring nonexistent directory "/Applications/ArmGNUToolchain/11.3.rel1/arm-none-eabi/bin/../arm-none-eabi/usr/local/include"
ignoring duplicate directory "/Applications/ArmGNUToolchain/11.3.rel1/arm-none-eabi/bin/../lib/gcc/../../lib/gcc/arm-none-eabi/11.3.1/include-fixed"
ignoring duplicate directory "/Applications/ArmGNUToolchain/11.3.rel1/arm-none-eabi/bin/../lib/gcc/../../lib/gcc/arm-none-eabi/11.3.1/../../../../arm-none-eabi/include"
ignoring nonexistent directory "/Applications/ArmGNUToolchain/11.3.rel1/arm-none-eabi/bin/../arm-none-eabi/usr/include"
#include "..." search starts here:
#include <...> search starts here:
 /Applications/ArmGNUToolchain/11.3.rel1/arm-none-eabi/bin/../lib/gcc/arm-none-eabi/11.3.1/include
 /Applications/ArmGNUToolchain/11.3.rel1/arm-none-eabi/bin/../lib/gcc/arm-none-eabi/11.3.1/include-fixed
 /Applications/ArmGNUToolchain/11.3.rel1/arm-none-eabi/bin/../lib/gcc/arm-none-eabi/11.3.1/../../../../arm-none-eabi/include
End of search list.
GNU C17 (Arm GNU Toolchain 11.3.Rel1) version 11.3.1 20220712 (arm-none-eabi)
	compiled by GNU C version Apple LLVM 12.0.0 (clang-1200.0.32.29), GMP version 6.2.1, MPFR version 3.1.6, MPC version 1.0.3, isl version isl-0.15-1-g835ea3a-GMP

GGC heuristics: --param ggc-min-expand=100 --param ggc-min-heapsize=131072
Compiler executable checksum: f3085fc6e36e4d8d9d95f0e0fe3e2174
COLLECT_GCC_OPTIONS='-v' '-o' 'CMakeFiles/cmTC_c3de1.dir/CMakeCCompilerABI.c.obj' '-c' '-mcpu=arm7tdmi' '-mfloat-abi=soft' '-marm' '-mlibarch=armv4t' '-march=armv4t' '-dumpdir' 'CMakeFiles/cmTC_c3de1.dir/'
 /Applications/ArmGNUToolchain/11.3.rel1/arm-none-eabi/bin/../lib/gcc/arm-none-eabi/11.3.1/../../../../arm-none-eabi/bin/as -v -march=armv4t -mfloat-abi=soft -meabi=5 -o CMakeFiles/cmTC_c3de1.dir/CMakeCCompilerABI.c.obj /var/folders/gj/6njgb8g5483122ych_08wylh0000gn/T//ccfW8iRN.s
GNU assembler version 2.38 (arm-none-eabi) using BFD version (Arm GNU Toolchain 11.3.Rel1) 2.38.20220708
COMPILER_PATH=/Applications/ArmGNUToolchain/11.3.rel1/arm-none-eabi/bin/../libexec/gcc/arm-none-eabi/11.3.1/:/Applications/ArmGNUToolchain/11.3.rel1/arm-none-eabi/bin/../libexec/gcc/:/Applications/ArmGNUToolchain/11.3.rel1/arm-none-eabi/bin/../lib/gcc/arm-none-eabi/11.3.1/../../../../arm-none-eabi/bin/
LIBRARY_PATH=/Applications/ArmGNUToolchain/11.3.rel1/arm-none-eabi/bin/../lib/gcc/arm-none-eabi/11.3.1/:/Applications/ArmGNUToolchain/11.3.rel1/arm-none-eabi/bin/../lib/gcc/:/Applications/ArmGNUToolchain/11.3.rel1/arm-none-eabi/bin/../lib/gcc/arm-none-eabi/11.3.1/../../../../arm-none-eabi/lib/:/Applications/ArmGNUToolchain/11.3.rel1/arm-none-eabi/bin/../arm-none-eabi/lib/
COLLECT_GCC_OPTIONS='-v' '-o' 'CMakeFiles/cmTC_c3de1.dir/CMakeCCompilerABI.c.obj' '-c' '-mcpu=arm7tdmi' '-mfloat-abi=soft' '-marm' '-mlibarch=armv4t' '-march=armv4t' '-dumpdir' 'CMakeFiles/cmTC_c3de1.dir/CMakeCCompilerABI.c.'
Linking C static library libcmTC_c3de1.a
/opt/homebrew/Cellar/cmake/3.25.0/bin/cmake -P CMakeFiles/cmTC_c3de1.dir/cmake_clean_target.cmake
/opt/homebrew/Cellar/cmake/3.25.0/bin/cmake -E cmake_link_script CMakeFiles/cmTC_c3de1.dir/link.txt --verbose=1
arm-none-eabi-ar qc libcmTC_c3de1.a CMakeFiles/cmTC_c3de1.dir/CMakeCCompilerABI.c.obj
/opt/homebrew/bin/arm-none-eabi-ranlib libcmTC_c3de1.a
gmake[1]: Leaving directory '/Users/ursincantieni/GitHub/ursincantieni/TFLiteMouseL475/build/CMakeFiles/CMakeScratch/TryCompile-Ggxfzk'



Parsed C implicit include dir info from above output: rv=done
  found start of include info
  found start of implicit include info
    add: [/Applications/ArmGNUToolchain/11.3.rel1/arm-none-eabi/bin/../lib/gcc/arm-none-eabi/11.3.1/include]
    add: [/Applications/ArmGNUToolchain/11.3.rel1/arm-none-eabi/bin/../lib/gcc/arm-none-eabi/11.3.1/include-fixed]
    add: [/Applications/ArmGNUToolchain/11.3.rel1/arm-none-eabi/bin/../lib/gcc/arm-none-eabi/11.3.1/../../../../arm-none-eabi/include]
  end of search list found
  collapse include dir [/Applications/ArmGNUToolchain/11.3.rel1/arm-none-eabi/bin/../lib/gcc/arm-none-eabi/11.3.1/include] ==> [/Applications/ArmGNUToolchain/11.3.rel1/arm-none-eabi/lib/gcc/arm-none-eabi/11.3.1/include]
  collapse include dir [/Applications/ArmGNUToolchain/11.3.rel1/arm-none-eabi/bin/../lib/gcc/arm-none-eabi/11.3.1/include-fixed] ==> [/Applications/ArmGNUToolchain/11.3.rel1/arm-none-eabi/lib/gcc/arm-none-eabi/11.3.1/include-fixed]
  collapse include dir [/Applications/ArmGNUToolchain/11.3.rel1/arm-none-eabi/bin/../lib/gcc/arm-none-eabi/11.3.1/../../../../arm-none-eabi/include] ==> [/Applications/ArmGNUToolchain/11.3.rel1/arm-none-eabi/arm-none-eabi/include]
  implicit include dirs: [/Applications/ArmGNUToolchain/11.3.rel1/arm-none-eabi/lib/gcc/arm-none-eabi/11.3.1/include;/Applications/ArmGNUToolchain/11.3.rel1/arm-none-eabi/lib/gcc/arm-none-eabi/11.3.1/include-fixed;/Applications/ArmGNUToolchain/11.3.rel1/arm-none-eabi/arm-none-eabi/include]


Parsed C implicit link information from above output:
  link line regex: [^( *|.*[/\])(arm-none-eabi-ld|CMAKE_LINK_STARTFILE-NOTFOUND|([^/\]+-)?ld|collect2)[^/\]*( |$)]
  ignore line: [Change Dir: /Users/ursincantieni/GitHub/ursincantieni/TFLiteMouseL475/build/CMakeFiles/CMakeScratch/TryCompile-Ggxfzk]
  ignore line: []
  ignore line: [Run Build Command(s):/opt/homebrew/bin/gmake -f Makefile cmTC_c3de1/fast && /opt/homebrew/bin/gmake  -f CMakeFiles/cmTC_c3de1.dir/build.make CMakeFiles/cmTC_c3de1.dir/build]
  ignore line: [gmake[1]: Entering directory '/Users/ursincantieni/GitHub/ursincantieni/TFLiteMouseL475/build/CMakeFiles/CMakeScratch/TryCompile-Ggxfzk']
  ignore line: [Building C object CMakeFiles/cmTC_c3de1.dir/CMakeCCompilerABI.c.obj]
  ignore line: [/opt/homebrew/bin/arm-none-eabi-gcc   -v -o CMakeFiles/cmTC_c3de1.dir/CMakeCCompilerABI.c.obj -c /opt/homebrew/Cellar/cmake/3.25.0/share/cmake/Modules/CMakeCCompilerABI.c]
  ignore line: [Using built-in specs.]
  ignore line: [COLLECT_GCC=/opt/homebrew/bin/arm-none-eabi-gcc]
  ignore line: [Target: arm-none-eabi]
  ignore line: [Configured with: /Volumes/data/jenkins/workspace/GNU-toolchain/arm-11/src/gcc/configure --target=arm-none-eabi --prefix=/Volumes/data/jenkins/workspace/GNU-toolchain/arm-11/build-arm-none-eabi/install --with-gmp=/Volumes/data/jenkins/workspace/GNU-toolchain/arm-11/build-arm-none-eabi/host-tools --with-mpfr=/Volumes/data/jenkins/workspace/GNU-toolchain/arm-11/build-arm-none-eabi/host-tools --with-mpc=/Volumes/data/jenkins/workspace/GNU-toolchain/arm-11/build-arm-none-eabi/host-tools --with-isl=/Volumes/data/jenkins/workspace/GNU-toolchain/arm-11/build-arm-none-eabi/host-tools --disable-shared --disable-nls --disable-threads --disable-tls --enable-checking=release --enable-languages=c,c++,fortran --with-newlib --with-gnu-as --with-gnu-ld --with-sysroot=/Volumes/data/jenkins/workspace/GNU-toolchain/arm-11/build-arm-none-eabi/install/arm-none-eabi --with-multilib-list=aprofile,rmprofile --with-pkgversion='Arm GNU Toolchain 11.3.Rel1' --with-bugurl=https://bugs.linaro.org/]
  ignore line: [Thread model: single]
  ignore line: [Supported LTO compression algorithms: zlib]
  ignore line: [gcc version 11.3.1 20220712 (Arm GNU Toolchain 11.3.Rel1) ]
  ignore line: [COLLECT_GCC_OPTIONS='-v' '-o' 'CMakeFiles/cmTC_c3de1.dir/CMakeCCompilerABI.c.obj' '-c' '-mcpu=arm7tdmi' '-mfloat-abi=soft' '-marm' '-mlibarch=armv4t' '-march=armv4t' '-dumpdir' 'CMakeFiles/cmTC_c3de1.dir/']
  ignore line: [ /Applications/ArmGNUToolchain/11.3.rel1/arm-none-eabi/bin/../libexec/gcc/arm-none-eabi/11.3.1/cc1 -quiet -v -iprefix /Applications/ArmGNUToolchain/11.3.rel1/arm-none-eabi/bin/../lib/gcc/arm-none-eabi/11.3.1/ -isysroot /Applications/ArmGNUToolchain/11.3.rel1/arm-none-eabi/bin/../arm-none-eabi -D__USES_INITFINI__ /opt/homebrew/Cellar/cmake/3.25.0/share/cmake/Modules/CMakeCCompilerABI.c -quiet -dumpdir CMakeFiles/cmTC_c3de1.dir/ -dumpbase CMakeCCompilerABI.c.c -dumpbase-ext .c -mcpu=arm7tdmi -mfloat-abi=soft -marm -mlibarch=armv4t -march=armv4t -version -o /var/folders/gj/6njgb8g5483122ych_08wylh0000gn/T//ccfW8iRN.s]
  ignore line: [GNU C17 (Arm GNU Toolchain 11.3.Rel1) version 11.3.1 20220712 (arm-none-eabi)]
  ignore line: [	compiled by GNU C version Apple LLVM 12.0.0 (clang-1200.0.32.29)  GMP version 6.2.1  MPFR version 3.1.6  MPC version 1.0.3  isl version isl-0.15-1-g835ea3a-GMP]
  ignore line: []
  ignore line: [GGC heuristics: --param ggc-min-expand=100 --param ggc-min-heapsize=131072]
  ignore line: [ignoring duplicate directory "/Applications/ArmGNUToolchain/11.3.rel1/arm-none-eabi/bin/../lib/gcc/../../lib/gcc/arm-none-eabi/11.3.1/include"]
  ignore line: [ignoring nonexistent directory "/Applications/ArmGNUToolchain/11.3.rel1/arm-none-eabi/bin/../arm-none-eabi/usr/local/include"]
  ignore line: [ignoring duplicate directory "/Applications/ArmGNUToolchain/11.3.rel1/arm-none-eabi/bin/../lib/gcc/../../lib/gcc/arm-none-eabi/11.3.1/include-fixed"]
  ignore line: [ignoring duplicate directory "/Applications/ArmGNUToolchain/11.3.rel1/arm-none-eabi/bin/../lib/gcc/../../lib/gcc/arm-none-eabi/11.3.1/../../../../arm-none-eabi/include"]
  ignore line: [ignoring nonexistent directory "/Applications/ArmGNUToolchain/11.3.rel1/arm-none-eabi/bin/../arm-none-eabi/usr/include"]
  ignore line: [#include "..." search starts here:]
  ignore line: [#include <...> search starts here:]
  ignore line: [ /Applications/ArmGNUToolchain/11.3.rel1/arm-none-eabi/bin/../lib/gcc/arm-none-eabi/11.3.1/include]
  ignore line: [ /Applications/ArmGNUToolchain/11.3.rel1/arm-none-eabi/bin/../lib/gcc/arm-none-eabi/11.3.1/include-fixed]
  ignore line: [ /Applications/ArmGNUToolchain/11.3.rel1/arm-none-eabi/bin/../lib/gcc/arm-none-eabi/11.3.1/../../../../arm-none-eabi/include]
  ignore line: [End of search list.]
  ignore line: [GNU C17 (Arm GNU Toolchain 11.3.Rel1) version 11.3.1 20220712 (arm-none-eabi)]
  ignore line: [	compiled by GNU C version Apple LLVM 12.0.0 (clang-1200.0.32.29)  GMP version 6.2.1  MPFR version 3.1.6  MPC version 1.0.3  isl version isl-0.15-1-g835ea3a-GMP]
  ignore line: []
  ignore line: [GGC heuristics: --param ggc-min-expand=100 --param ggc-min-heapsize=131072]
  ignore line: [Compiler executable checksum: f3085fc6e36e4d8d9d95f0e0fe3e2174]
  ignore line: [COLLECT_GCC_OPTIONS='-v' '-o' 'CMakeFiles/cmTC_c3de1.dir/CMakeCCompilerABI.c.obj' '-c' '-mcpu=arm7tdmi' '-mfloat-abi=soft' '-marm' '-mlibarch=armv4t' '-march=armv4t' '-dumpdir' 'CMakeFiles/cmTC_c3de1.dir/']
  ignore line: [ /Applications/ArmGNUToolchain/11.3.rel1/arm-none-eabi/bin/../lib/gcc/arm-none-eabi/11.3.1/../../../../arm-none-eabi/bin/as -v -march=armv4t -mfloat-abi=soft -meabi=5 -o CMakeFiles/cmTC_c3de1.dir/CMakeCCompilerABI.c.obj /var/folders/gj/6njgb8g5483122ych_08wylh0000gn/T//ccfW8iRN.s]
  ignore line: [GNU assembler version 2.38 (arm-none-eabi) using BFD version (Arm GNU Toolchain 11.3.Rel1) 2.38.20220708]
  ignore line: [COMPILER_PATH=/Applications/ArmGNUToolchain/11.3.rel1/arm-none-eabi/bin/../libexec/gcc/arm-none-eabi/11.3.1/:/Applications/ArmGNUToolchain/11.3.rel1/arm-none-eabi/bin/../libexec/gcc/:/Applications/ArmGNUToolchain/11.3.rel1/arm-none-eabi/bin/../lib/gcc/arm-none-eabi/11.3.1/../../../../arm-none-eabi/bin/]
  ignore line: [LIBRARY_PATH=/Applications/ArmGNUToolchain/11.3.rel1/arm-none-eabi/bin/../lib/gcc/arm-none-eabi/11.3.1/:/Applications/ArmGNUToolchain/11.3.rel1/arm-none-eabi/bin/../lib/gcc/:/Applications/ArmGNUToolchain/11.3.rel1/arm-none-eabi/bin/../lib/gcc/arm-none-eabi/11.3.1/../../../../arm-none-eabi/lib/:/Applications/ArmGNUToolchain/11.3.rel1/arm-none-eabi/bin/../arm-none-eabi/lib/]
  ignore line: [COLLECT_GCC_OPTIONS='-v' '-o' 'CMakeFiles/cmTC_c3de1.dir/CMakeCCompilerABI.c.obj' '-c' '-mcpu=arm7tdmi' '-mfloat-abi=soft' '-marm' '-mlibarch=armv4t' '-march=armv4t' '-dumpdir' 'CMakeFiles/cmTC_c3de1.dir/CMakeCCompilerABI.c.']
  ignore line: [Linking C static library libcmTC_c3de1.a]
  ignore line: [/opt/homebrew/Cellar/cmake/3.25.0/bin/cmake -P CMakeFiles/cmTC_c3de1.dir/cmake_clean_target.cmake]
  ignore line: [/opt/homebrew/Cellar/cmake/3.25.0/bin/cmake -E cmake_link_script CMakeFiles/cmTC_c3de1.dir/link.txt --verbose=1]
  ignore line: [arm-none-eabi-ar qc libcmTC_c3de1.a CMakeFiles/cmTC_c3de1.dir/CMakeCCompilerABI.c.obj]
  ignore line: [/opt/homebrew/bin/arm-none-eabi-ranlib libcmTC_c3de1.a]
  ignore line: [gmake[1]: Leaving directory '/Users/ursincantieni/GitHub/ursincantieni/TFLiteMouseL475/build/CMakeFiles/CMakeScratch/TryCompile-Ggxfzk']
  ignore line: []
  ignore line: []
  implicit libs: []
  implicit objs: []
  implicit dirs: []
  implicit fwks: []


Detecting CXX compiler ABI info compiled with the following output:
Change Dir: /Users/ursincantieni/GitHub/ursincantieni/TFLiteMouseL475/build/CMakeFiles/CMakeScratch/TryCompile-6n54g9

Run Build Command(s):/opt/homebrew/bin/gmake -f Makefile cmTC_af429/fast && /opt/homebrew/bin/gmake  -f CMakeFiles/cmTC_af429.dir/build.make CMakeFiles/cmTC_af429.dir/build
gmake[1]: Entering directory '/Users/ursincantieni/GitHub/ursincantieni/TFLiteMouseL475/build/CMakeFiles/CMakeScratch/TryCompile-6n54g9'
Building CXX object CMakeFiles/cmTC_af429.dir/CMakeCXXCompilerABI.cpp.obj
/opt/homebrew/bin/arm-none-eabi-g++   -v -o CMakeFiles/cmTC_af429.dir/CMakeCXXCompilerABI.cpp.obj -c /opt/homebrew/Cellar/cmake/3.25.0/share/cmake/Modules/CMakeCXXCompilerABI.cpp
Using built-in specs.
COLLECT_GCC=/opt/homebrew/bin/arm-none-eabi-g++
Target: arm-none-eabi
Configured with: /Volumes/data/jenkins/workspace/GNU-toolchain/arm-11/src/gcc/configure --target=arm-none-eabi --prefix=/Volumes/data/jenkins/workspace/GNU-toolchain/arm-11/build-arm-none-eabi/install --with-gmp=/Volumes/data/jenkins/workspace/GNU-toolchain/arm-11/build-arm-none-eabi/host-tools --with-mpfr=/Volumes/data/jenkins/workspace/GNU-toolchain/arm-11/build-arm-none-eabi/host-tools --with-mpc=/Volumes/data/jenkins/workspace/GNU-toolchain/arm-11/build-arm-none-eabi/host-tools --with-isl=/Volumes/data/jenkins/workspace/GNU-toolchain/arm-11/build-arm-none-eabi/host-tools --disable-shared --disable-nls --disable-threads --disable-tls --enable-checking=release --enable-languages=c,c++,fortran --with-newlib --with-gnu-as --with-gnu-ld --with-sysroot=/Volumes/data/jenkins/workspace/GNU-toolchain/arm-11/build-arm-none-eabi/install/arm-none-eabi --with-multilib-list=aprofile,rmprofile --with-pkgversion='Arm GNU Toolchain 11.3.Rel1' --with-bugurl=https://bugs.linaro.org/
Thread model: single
Supported LTO compression algorithms: zlib
gcc version 11.3.1 20220712 (Arm GNU Toolchain 11.3.Rel1) 
COLLECT_GCC_OPTIONS='-v' '-o' 'CMakeFiles/cmTC_af429.dir/CMakeCXXCompilerABI.cpp.obj' '-c' '-mcpu=arm7tdmi' '-mfloat-abi=soft' '-marm' '-mlibarch=armv4t' '-march=armv4t' '-dumpdir' 'CMakeFiles/cmTC_af429.dir/'
 /Applications/ArmGNUToolchain/11.3.rel1/arm-none-eabi/bin/../libexec/gcc/arm-none-eabi/11.3.1/cc1plus -quiet -v -iprefix /Applications/ArmGNUToolchain/11.3.rel1/arm-none-eabi/bin/../lib/gcc/arm-none-eabi/11.3.1/ -isysroot /Applications/ArmGNUToolchain/11.3.rel1/arm-none-eabi/bin/../arm-none-eabi -D__USES_INITFINI__ /opt/homebrew/Cellar/cmake/3.25.0/share/cmake/Modules/CMakeCXXCompilerABI.cpp -quiet -dumpdir CMakeFiles/cmTC_af429.dir/ -dumpbase CMakeCXXCompilerABI.cpp.cpp -dumpbase-ext .cpp -mcpu=arm7tdmi -mfloat-abi=soft -marm -mlibarch=armv4t -march=armv4t -version -o /var/folders/gj/6njgb8g5483122ych_08wylh0000gn/T//ccXVtCEP.s
GNU C++17 (Arm GNU Toolchain 11.3.Rel1) version 11.3.1 20220712 (arm-none-eabi)
	compiled by GNU C version Apple LLVM 12.0.0 (clang-1200.0.32.29), GMP version 6.2.1, MPFR version 3.1.6, MPC version 1.0.3, isl version isl-0.15-1-g835ea3a-GMP

GGC heuristics: --param ggc-min-expand=100 --param ggc-min-heapsize=131072
ignoring duplicate directory "/Applications/ArmGNUToolchain/11.3.rel1/arm-none-eabi/bin/../lib/gcc/../../lib/gcc/arm-none-eabi/11.3.1/../../../../arm-none-eabi/include/c++/11.3.1"
ignoring duplicate directory "/Applications/ArmGNUToolchain/11.3.rel1/arm-none-eabi/bin/../lib/gcc/../../lib/gcc/arm-none-eabi/11.3.1/../../../../arm-none-eabi/include/c++/11.3.1/arm-none-eabi"
ignoring duplicate directory "/Applications/ArmGNUToolchain/11.3.rel1/arm-none-eabi/bin/../lib/gcc/../../lib/gcc/arm-none-eabi/11.3.1/../../../../arm-none-eabi/include/c++/11.3.1/backward"
ignoring duplicate directory "/Applications/ArmGNUToolchain/11.3.rel1/arm-none-eabi/bin/../lib/gcc/../../lib/gcc/arm-none-eabi/11.3.1/include"
ignoring nonexistent directory "/Applications/ArmGNUToolchain/11.3.rel1/arm-none-eabi/bin/../arm-none-eabi/usr/local/include"
ignoring duplicate directory "/Applications/ArmGNUToolchain/11.3.rel1/arm-none-eabi/bin/../lib/gcc/../../lib/gcc/arm-none-eabi/11.3.1/include-fixed"
ignoring duplicate directory "/Applications/ArmGNUToolchain/11.3.rel1/arm-none-eabi/bin/../lib/gcc/../../lib/gcc/arm-none-eabi/11.3.1/../../../../arm-none-eabi/include"
ignoring nonexistent directory "/Applications/ArmGNUToolchain/11.3.rel1/arm-none-eabi/bin/../arm-none-eabi/usr/include"
#include "..." search starts here:
#include <...> search starts here:
 /Applications/ArmGNUToolchain/11.3.rel1/arm-none-eabi/bin/../lib/gcc/arm-none-eabi/11.3.1/../../../../arm-none-eabi/include/c++/11.3.1
 /Applications/ArmGNUToolchain/11.3.rel1/arm-none-eabi/bin/../lib/gcc/arm-none-eabi/11.3.1/../../../../arm-none-eabi/include/c++/11.3.1/arm-none-eabi
 /Applications/ArmGNUToolchain/11.3.rel1/arm-none-eabi/bin/../lib/gcc/arm-none-eabi/11.3.1/../../../../arm-none-eabi/include/c++/11.3.1/backward
 /Applications/ArmGNUToolchain/11.3.rel1/arm-none-eabi/bin/../lib/gcc/arm-none-eabi/11.3.1/include
 /Applications/ArmGNUToolchain/11.3.rel1/arm-none-eabi/bin/../lib/gcc/arm-none-eabi/11.3.1/include-fixed
 /Applications/ArmGNUToolchain/11.3.rel1/arm-none-eabi/bin/../lib/gcc/arm-none-eabi/11.3.1/../../../../arm-none-eabi/include
End of search list.
GNU C++17 (Arm GNU Toolchain 11.3.Rel1) version 11.3.1 20220712 (arm-none-eabi)
	compiled by GNU C version Apple LLVM 12.0.0 (clang-1200.0.32.29), GMP version 6.2.1, MPFR version 3.1.6, MPC version 1.0.3, isl version isl-0.15-1-g835ea3a-GMP

GGC heuristics: --param ggc-min-expand=100 --param ggc-min-heapsize=131072
Compiler executable checksum: 8e29aadd0aee7ff3d248baafe24c7aa7
COLLECT_GCC_OPTIONS='-v' '-o' 'CMakeFiles/cmTC_af429.dir/CMakeCXXCompilerABI.cpp.obj' '-c' '-mcpu=arm7tdmi' '-mfloat-abi=soft' '-marm' '-mlibarch=armv4t' '-march=armv4t' '-dumpdir' 'CMakeFiles/cmTC_af429.dir/'
 /Applications/ArmGNUToolchain/11.3.rel1/arm-none-eabi/bin/../lib/gcc/arm-none-eabi/11.3.1/../../../../arm-none-eabi/bin/as -v -march=armv4t -mfloat-abi=soft -meabi=5 -o CMakeFiles/cmTC_af429.dir/CMakeCXXCompilerABI.cpp.obj /var/folders/gj/6njgb8g5483122ych_08wylh0000gn/T//ccXVtCEP.s
GNU assembler version 2.38 (arm-none-eabi) using BFD version (Arm GNU Toolchain 11.3.Rel1) 2.38.20220708
COMPILER_PATH=/Applications/ArmGNUToolchain/11.3.rel1/arm-none-eabi/bin/../libexec/gcc/arm-none-eabi/11.3.1/:/Applications/ArmGNUToolchain/11.3.rel1/arm-none-eabi/bin/../libexec/gcc/:/Applications/ArmGNUToolchain/11.3.rel1/arm-none-eabi/bin/../lib/gcc/arm-none-eabi/11.3.1/../../../../arm-none-eabi/bin/
LIBRARY_PATH=/Applications/ArmGNUToolchain/11.3.rel1/arm-none-eabi/bin/../lib/gcc/arm-none-eabi/11.3.1/:/Applications/ArmGNUToolchain/11.3.rel1/arm-none-eabi/bin/../lib/gcc/:/Applications/ArmGNUToolchain/11.3.rel1/arm-none-eabi/bin/../lib/gcc/arm-none-eabi/11.3.1/../../../../arm-none-eabi/lib/:/Applications/ArmGNUToolchain/11.3.rel1/arm-none-eabi/bin/../arm-none-eabi/lib/
COLLECT_GCC_OPTIONS='-v' '-o' 'CMakeFiles/cmTC_af429.dir/CMakeCXXCompilerABI.cpp.obj' '-c' '-mcpu=arm7tdmi' '-mfloat-abi=soft' '-marm' '-mlibarch=armv4t' '-march=armv4t' '-dumpdir' 'CMakeFiles/cmTC_af429.dir/CMakeCXXCompilerABI.cpp.'
Linking CXX static library libcmTC_af429.a
/opt/homebrew/Cellar/cmake/3.25.0/bin/cmake -P CMakeFiles/cmTC_af429.dir/cmake_clean_target.cmake
/opt/homebrew/Cellar/cmake/3.25.0/bin/cmake -E cmake_link_script CMakeFiles/cmTC_af429.dir/link.txt --verbose=1
arm-none-eabi-ar qc libcmTC_af429.a CMakeFiles/cmTC_af429.dir/CMakeCXXCompilerABI.cpp.obj
/opt/homebrew/bin/arm-none-eabi-ranlib libcmTC_af429.a
gmake[1]: Leaving directory '/Users/ursincantieni/GitHub/ursincantieni/TFLiteMouseL475/build/CMakeFiles/CMakeScratch/TryCompile-6n54g9'



Parsed CXX implicit include dir info from above output: rv=done
  found start of include info
  found start of implicit include info
    add: [/Applications/ArmGNUToolchain/11.3.rel1/arm-none-eabi/bin/../lib/gcc/arm-none-eabi/11.3.1/../../../../arm-none-eabi/include/c++/11.3.1]
    add: [/Applications/ArmGNUToolchain/11.3.rel1/arm-none-eabi/bin/../lib/gcc/arm-none-eabi/11.3.1/../../../../arm-none-eabi/include/c++/11.3.1/arm-none-eabi]
    add: [/Applications/ArmGNUToolchain/11.3.rel1/arm-none-eabi/bin/../lib/gcc/arm-none-eabi/11.3.1/../../../../arm-none-eabi/include/c++/11.3.1/backward]
    add: [/Applications/ArmGNUToolchain/11.3.rel1/arm-none-eabi/bin/../lib/gcc/arm-none-eabi/11.3.1/include]
    add: [/Applications/ArmGNUToolchain/11.3.rel1/arm-none-eabi/bin/../lib/gcc/arm-none-eabi/11.3.1/include-fixed]
    add: [/Applications/ArmGNUToolchain/11.3.rel1/arm-none-eabi/bin/../lib/gcc/arm-none-eabi/11.3.1/../../../../arm-none-eabi/include]
  end of search list found
  collapse include dir [/Applications/ArmGNUToolchain/11.3.rel1/arm-none-eabi/bin/../lib/gcc/arm-none-eabi/11.3.1/../../../../arm-none-eabi/include/c++/11.3.1] ==> [/Applications/ArmGNUToolchain/11.3.rel1/arm-none-eabi/arm-none-eabi/include/c++/11.3.1]
  collapse include dir [/Applications/ArmGNUToolchain/11.3.rel1/arm-none-eabi/bin/../lib/gcc/arm-none-eabi/11.3.1/../../../../arm-none-eabi/include/c++/11.3.1/arm-none-eabi] ==> [/Applications/ArmGNUToolchain/11.3.rel1/arm-none-eabi/arm-none-eabi/include/c++/11.3.1/arm-none-eabi]
  collapse include dir [/Applications/ArmGNUToolchain/11.3.rel1/arm-none-eabi/bin/../lib/gcc/arm-none-eabi/11.3.1/../../../../arm-none-eabi/include/c++/11.3.1/backward] ==> [/Applications/ArmGNUToolchain/11.3.rel1/arm-none-eabi/arm-none-eabi/include/c++/11.3.1/backward]
  collapse include dir [/Applications/ArmGNUToolchain/11.3.rel1/arm-none-eabi/bin/../lib/gcc/arm-none-eabi/11.3.1/include] ==> [/Applications/ArmGNUToolchain/11.3.rel1/arm-none-eabi/lib/gcc/arm-none-eabi/11.3.1/include]
  collapse include dir [/Applications/ArmGNUToolchain/11.3.rel1/arm-none-eabi/bin/../lib/gcc/arm-none-eabi/11.3.1/include-fixed] ==> [/Applications/ArmGNUToolchain/11.3.rel1/arm-none-eabi/lib/gcc/arm-none-eabi/11.3.1/include-fixed]
  collapse include dir [/Applications/ArmGNUToolchain/11.3.rel1/arm-none-eabi/bin/../lib/gcc/arm-none-eabi/11.3.1/../../../../arm-none-eabi/include] ==> [/Applications/ArmGNUToolchain/11.3.rel1/arm-none-eabi/arm-none-eabi/include]
  implicit include dirs: [/Applications/ArmGNUToolchain/11.3.rel1/arm-none-eabi/arm-none-eabi/include/c++/11.3.1;/Applications/ArmGNUToolchain/11.3.rel1/arm-none-eabi/arm-none-eabi/include/c++/11.3.1/arm-none-eabi;/Applications/ArmGNUToolchain/11.3.rel1/arm-none-eabi/arm-none-eabi/include/c++/11.3.1/backward;/Applications/ArmGNUToolchain/11.3.rel1/arm-none-eabi/lib/gcc/arm-none-eabi/11.3.1/include;/Applications/ArmGNUToolchain/11.3.rel1/arm-none-eabi/lib/gcc/arm-none-eabi/11.3.1/include-fixed;/Applications/ArmGNUToolchain/11.3.rel1/arm-none-eabi/arm-none-eabi/include]


Parsed CXX implicit link information from above output:
  link line regex: [^( *|.*[/\])(arm-none-eabi-ld|CMAKE_LINK_STARTFILE-NOTFOUND|([^/\]+-)?ld|collect2)[^/\]*( |$)]
  ignore line: [Change Dir: /Users/ursincantieni/GitHub/ursincantieni/TFLiteMouseL475/build/CMakeFiles/CMakeScratch/TryCompile-6n54g9]
  ignore line: []
  ignore line: [Run Build Command(s):/opt/homebrew/bin/gmake -f Makefile cmTC_af429/fast && /opt/homebrew/bin/gmake  -f CMakeFiles/cmTC_af429.dir/build.make CMakeFiles/cmTC_af429.dir/build]
  ignore line: [gmake[1]: Entering directory '/Users/ursincantieni/GitHub/ursincantieni/TFLiteMouseL475/build/CMakeFiles/CMakeScratch/TryCompile-6n54g9']
  ignore line: [Building CXX object CMakeFiles/cmTC_af429.dir/CMakeCXXCompilerABI.cpp.obj]
  ignore line: [/opt/homebrew/bin/arm-none-eabi-g++   -v -o CMakeFiles/cmTC_af429.dir/CMakeCXXCompilerABI.cpp.obj -c /opt/homebrew/Cellar/cmake/3.25.0/share/cmake/Modules/CMakeCXXCompilerABI.cpp]
  ignore line: [Using built-in specs.]
  ignore line: [COLLECT_GCC=/opt/homebrew/bin/arm-none-eabi-g++]
  ignore line: [Target: arm-none-eabi]
  ignore line: [Configured with: /Volumes/data/jenkins/workspace/GNU-toolchain/arm-11/src/gcc/configure --target=arm-none-eabi --prefix=/Volumes/data/jenkins/workspace/GNU-toolchain/arm-11/build-arm-none-eabi/install --with-gmp=/Volumes/data/jenkins/workspace/GNU-toolchain/arm-11/build-arm-none-eabi/host-tools --with-mpfr=/Volumes/data/jenkins/workspace/GNU-toolchain/arm-11/build-arm-none-eabi/host-tools --with-mpc=/Volumes/data/jenkins/workspace/GNU-toolchain/arm-11/build-arm-none-eabi/host-tools --with-isl=/Volumes/data/jenkins/workspace/GNU-toolchain/arm-11/build-arm-none-eabi/host-tools --disable-shared --disable-nls --disable-threads --disable-tls --enable-checking=release --enable-languages=c,c++,fortran --with-newlib --with-gnu-as --with-gnu-ld --with-sysroot=/Volumes/data/jenkins/workspace/GNU-toolchain/arm-11/build-arm-none-eabi/install/arm-none-eabi --with-multilib-list=aprofile,rmprofile --with-pkgversion='Arm GNU Toolchain 11.3.Rel1' --with-bugurl=https://bugs.linaro.org/]
  ignore line: [Thread model: single]
  ignore line: [Supported LTO compression algorithms: zlib]
  ignore line: [gcc version 11.3.1 20220712 (Arm GNU Toolchain 11.3.Rel1) ]
  ignore line: [COLLECT_GCC_OPTIONS='-v' '-o' 'CMakeFiles/cmTC_af429.dir/CMakeCXXCompilerABI.cpp.obj' '-c' '-mcpu=arm7tdmi' '-mfloat-abi=soft' '-marm' '-mlibarch=armv4t' '-march=armv4t' '-dumpdir' 'CMakeFiles/cmTC_af429.dir/']
  ignore line: [ /Applications/ArmGNUToolchain/11.3.rel1/arm-none-eabi/bin/../libexec/gcc/arm-none-eabi/11.3.1/cc1plus -quiet -v -iprefix /Applications/ArmGNUToolchain/11.3.rel1/arm-none-eabi/bin/../lib/gcc/arm-none-eabi/11.3.1/ -isysroot /Applications/ArmGNUToolchain/11.3.rel1/arm-none-eabi/bin/../arm-none-eabi -D__USES_INITFINI__ /opt/homebrew/Cellar/cmake/3.25.0/share/cmake/Modules/CMakeCXXCompilerABI.cpp -quiet -dumpdir CMakeFiles/cmTC_af429.dir/ -dumpbase CMakeCXXCompilerABI.cpp.cpp -dumpbase-ext .cpp -mcpu=arm7tdmi -mfloat-abi=soft -marm -mlibarch=armv4t -march=armv4t -version -o /var/folders/gj/6njgb8g5483122ych_08wylh0000gn/T//ccXVtCEP.s]
  ignore line: [GNU C++17 (Arm GNU Toolchain 11.3.Rel1) version 11.3.1 20220712 (arm-none-eabi)]
  ignore line: [	compiled by GNU C version Apple LLVM 12.0.0 (clang-1200.0.32.29)  GMP version 6.2.1  MPFR version 3.1.6  MPC version 1.0.3  isl version isl-0.15-1-g835ea3a-GMP]
  ignore line: []
  ignore line: [GGC heuristics: --param ggc-min-expand=100 --param ggc-min-heapsize=131072]
  ignore line: [ignoring duplicate directory "/Applications/ArmGNUToolchain/11.3.rel1/arm-none-eabi/bin/../lib/gcc/../../lib/gcc/arm-none-eabi/11.3.1/../../../../arm-none-eabi/include/c++/11.3.1"]
  ignore line: [ignoring duplicate directory "/Applications/ArmGNUToolchain/11.3.rel1/arm-none-eabi/bin/../lib/gcc/../../lib/gcc/arm-none-eabi/11.3.1/../../../../arm-none-eabi/include/c++/11.3.1/arm-none-eabi"]
  ignore line: [ignoring duplicate directory "/Applications/ArmGNUToolchain/11.3.rel1/arm-none-eabi/bin/../lib/gcc/../../lib/gcc/arm-none-eabi/11.3.1/../../../../arm-none-eabi/include/c++/11.3.1/backward"]
  ignore line: [ignoring duplicate directory "/Applications/ArmGNUToolchain/11.3.rel1/arm-none-eabi/bin/../lib/gcc/../../lib/gcc/arm-none-eabi/11.3.1/include"]
  ignore line: [ignoring nonexistent directory "/Applications/ArmGNUToolchain/11.3.rel1/arm-none-eabi/bin/../arm-none-eabi/usr/local/include"]
  ignore line: [ignoring duplicate directory "/Applications/ArmGNUToolchain/11.3.rel1/arm-none-eabi/bin/../lib/gcc/../../lib/gcc/arm-none-eabi/11.3.1/include-fixed"]
  ignore line: [ignoring duplicate directory "/Applications/ArmGNUToolchain/11.3.rel1/arm-none-eabi/bin/../lib/gcc/../../lib/gcc/arm-none-eabi/11.3.1/../../../../arm-none-eabi/include"]
  ignore line: [ignoring nonexistent directory "/Applications/ArmGNUToolchain/11.3.rel1/arm-none-eabi/bin/../arm-none-eabi/usr/include"]
  ignore line: [#include "..." search starts here:]
  ignore line: [#include <...> search starts here:]
  ignore line: [ /Applications/ArmGNUToolchain/11.3.rel1/arm-none-eabi/bin/../lib/gcc/arm-none-eabi/11.3.1/../../../../arm-none-eabi/include/c++/11.3.1]
  ignore line: [ /Applications/ArmGNUToolchain/11.3.rel1/arm-none-eabi/bin/../lib/gcc/arm-none-eabi/11.3.1/../../../../arm-none-eabi/include/c++/11.3.1/arm-none-eabi]
  ignore line: [ /Applications/ArmGNUToolchain/11.3.rel1/arm-none-eabi/bin/../lib/gcc/arm-none-eabi/11.3.1/../../../../arm-none-eabi/include/c++/11.3.1/backward]
  ignore line: [ /Applications/ArmGNUToolchain/11.3.rel1/arm-none-eabi/bin/../lib/gcc/arm-none-eabi/11.3.1/include]
  ignore line: [ /Applications/ArmGNUToolchain/11.3.rel1/arm-none-eabi/bin/../lib/gcc/arm-none-eabi/11.3.1/include-fixed]
  ignore line: [ /Applications/ArmGNUToolchain/11.3.rel1/arm-none-eabi/bin/../lib/gcc/arm-none-eabi/11.3.1/../../../../arm-none-eabi/include]
  ignore line: [End of search list.]
  ignore line: [GNU C++17 (Arm GNU Toolchain 11.3.Rel1) version 11.3.1 20220712 (arm-none-eabi)]
  ignore line: [	compiled by GNU C version Apple LLVM 12.0.0 (clang-1200.0.32.29)  GMP version 6.2.1  MPFR version 3.1.6  MPC version 1.0.3  isl version isl-0.15-1-g835ea3a-GMP]
  ignore line: []
  ignore line: [GGC heuristics: --param ggc-min-expand=100 --param ggc-min-heapsize=131072]
  ignore line: [Compiler executable checksum: 8e29aadd0aee7ff3d248baafe24c7aa7]
  ignore line: [COLLECT_GCC_OPTIONS='-v' '-o' 'CMakeFiles/cmTC_af429.dir/CMakeCXXCompilerABI.cpp.obj' '-c' '-mcpu=arm7tdmi' '-mfloat-abi=soft' '-marm' '-mlibarch=armv4t' '-march=armv4t' '-dumpdir' 'CMakeFiles/cmTC_af429.dir/']
  ignore line: [ /Applications/ArmGNUToolchain/11.3.rel1/arm-none-eabi/bin/../lib/gcc/arm-none-eabi/11.3.1/../../../../arm-none-eabi/bin/as -v -march=armv4t -mfloat-abi=soft -meabi=5 -o CMakeFiles/cmTC_af429.dir/CMakeCXXCompilerABI.cpp.obj /var/folders/gj/6njgb8g5483122ych_08wylh0000gn/T//ccXVtCEP.s]
  ignore line: [GNU assembler version 2.38 (arm-none-eabi) using BFD version (Arm GNU Toolchain 11.3.Rel1) 2.38.20220708]
  ignore line: [COMPILER_PATH=/Applications/ArmGNUToolchain/11.3.rel1/arm-none-eabi/bin/../libexec/gcc/arm-none-eabi/11.3.1/:/Applications/ArmGNUToolchain/11.3.rel1/arm-none-eabi/bin/../libexec/gcc/:/Applications/ArmGNUToolchain/11.3.rel1/arm-none-eabi/bin/../lib/gcc/arm-none-eabi/11.3.1/../../../../arm-none-eabi/bin/]
  ignore line: [LIBRARY_PATH=/Applications/ArmGNUToolchain/11.3.rel1/arm-none-eabi/bin/../lib/gcc/arm-none-eabi/11.3.1/:/Applications/ArmGNUToolchain/11.3.rel1/arm-none-eabi/bin/../lib/gcc/:/Applications/ArmGNUToolchain/11.3.rel1/arm-none-eabi/bin/../lib/gcc/arm-none-eabi/11.3.1/../../../../arm-none-eabi/lib/:/Applications/ArmGNUToolchain/11.3.rel1/arm-none-eabi/bin/../arm-none-eabi/lib/]
  ignore line: [COLLECT_GCC_OPTIONS='-v' '-o' 'CMakeFiles/cmTC_af429.dir/CMakeCXXCompilerABI.cpp.obj' '-c' '-mcpu=arm7tdmi' '-mfloat-abi=soft' '-marm' '-mlibarch=armv4t' '-march=armv4t' '-dumpdir' 'CMakeFiles/cmTC_af429.dir/CMakeCXXCompilerABI.cpp.']
  ignore line: [Linking CXX static library libcmTC_af429.a]
  ignore line: [/opt/homebrew/Cellar/cmake/3.25.0/bin/cmake -P CMakeFiles/cmTC_af429.dir/cmake_clean_target.cmake]
  ignore line: [/opt/homebrew/Cellar/cmake/3.25.0/bin/cmake -E cmake_link_script CMakeFiles/cmTC_af429.dir/link.txt --verbose=1]
  ignore line: [arm-none-eabi-ar qc libcmTC_af429.a CMakeFiles/cmTC_af429.dir/CMakeCXXCompilerABI.cpp.obj]
  ignore line: [/opt/homebrew/bin/arm-none-eabi-ranlib libcmTC_af429.a]
  ignore line: [gmake[1]: Leaving directory '/Users/ursincantieni/GitHub/ursincantieni/TFLiteMouseL475/build/CMakeFiles/CMakeScratch/TryCompile-6n54g9']
  ignore line: []
  ignore line: []
  implicit libs: []
  implicit objs: []
  implicit dirs: []
  implicit fwks: []


